# JRE version: OpenJDK Runtime Environment Temurin-21.0.10+7 (21.0.10+7) (build 21.0.10+7-LTS)
# Java VM: OpenJDK 64-Bit Server VM Temurin-21.0.10+7 (21.0.10+7-LTS, mixed mode, sharing, tiered, compressed oops, compressed class ptrs, parallel gc, windows-amd64)
GC Precious Log:
 CardTable entry size: 512
 CPUs: 12 total, 12 available
 Memory: 16106M
 Large Page Support: Disabled
 NUMA Support: Disabled
 Compressed Oops: Enabled (32-bit)
 Alignments: Space 512K, Generation 512K, Heap 2M
 Heap Min Capacity: 100M
 Heap Initial Capacity: 100M
 Heap Max Capacity: 2G
 Pre-touch: Disabled
 Parallel Workers: 10
Heap:
 PSYoungGen      total 22528K, used 17617K [0x00000000d5580000, 0x00000000d6c80000, 0x0000000100000000)
  eden space 21504K, 78% used [0x00000000d5580000,0x00000000d65f8550,0x00000000d6a80000)
  from space 1024K, 73% used [0x00000000d6b80000,0x00000000d6c3c010,0x00000000d6c80000)
  to   space 1024K, 0% used [0x00000000d6a80000,0x00000000d6a80000,0x00000000d6b80000)
 ParOldGen       total 68608K, used 55801K [0x0000000080000000, 0x0000000084300000, 0x00000000d5580000)
  object space 68608K, 81% used [0x0000000080000000,0x000000008367e4f0,0x0000000084300000)
 Metaspace       used 62867K, committed 64192K, reserved 1114112K
  class space    used 6498K, committed 7104K, reserved 1048576K
GC Heap History (20 events):
Event: 9.919 GC heap before
{Heap before GC invocations=40 (full 3):
 PSYoungGen      total 24064K, used 24058K [0x00000000d5580000, 0x00000000d7080000, 0x0000000100000000)
  eden space 21504K, 100% used [0x00000000d5580000,0x00000000d6a80000,0x00000000d6a80000)
  from space 2560K, 99% used [0x00000000d6d80000,0x00000000d6ffeaa8,0x00000000d7000000)
  to   space 3072K, 0% used [0x00000000d6a80000,0x00000000d6a80000,0x00000000d6d80000)
 ParOldGen       total 68608K, used 42100K [0x0000000080000000, 0x0000000084300000, 0x00000000d5580000)
  object space 68608K, 61% used [0x0000000080000000,0x000000008291d2e0,0x0000000084300000)
 Metaspace       used 60367K, committed 61760K, reserved 1114112K
  class space    used 6406K, committed 7040K, reserved 1048576K
}
Event: 9.920 GC heap after
{Heap after GC invocations=40 (full 3):
 PSYoungGen      total 24064K, used 2321K [0x00000000d5580000, 0x00000000d6f80000, 0x0000000100000000)
  eden space 21504K, 0% used [0x00000000d5580000,0x00000000d5580000,0x00000000d6a80000)
  from space 2560K, 90% used [0x00000000d6a80000,0x00000000d6cc45d0,0x00000000d6d00000)
  to   space 2560K, 0% used [0x00000000d6d00000,0x00000000d6d00000,0x00000000d6f80000)
 ParOldGen       total 68608K, used 44558K [0x0000000080000000, 0x0000000084300000, 0x00000000d5580000)
  object space 68608K, 64% used [0x0000000080000000,0x0000000082b83b80,0x0000000084300000)
 Metaspace       used 60367K, committed 61760K, reserved 1114112K
  class space    used 6406K, committed 7040K, reserved 1048576K
}
Event: 10.071 GC heap before
{Heap before GC invocations=41 (full 3):
 PSYoungGen      total 24064K, used 23825K [0x00000000d5580000, 0x00000000d6f80000, 0x0000000100000000)
  eden space 21504K, 100% used [0x00000000d5580000,0x00000000d6a80000,0x00000000d6a80000)
  from space 2560K, 90% used [0x00000000d6a80000,0x00000000d6cc45d0,0x00000000d6d00000)
  to   space 2560K, 0% used [0x00000000d6d00000,0x00000000d6d00000,0x00000000d6f80000)
 ParOldGen       total 68608K, used 44558K [0x0000000080000000, 0x0000000084300000, 0x00000000d5580000)
  object space 68608K, 64% used [0x0000000080000000,0x0000000082b83b80,0x0000000084300000)
 Metaspace       used 60622K, committed 61952K, reserved 1114112K
  class space    used 6413K, committed 7040K, reserved 1048576K
}
Event: 10.072 GC heap after
{Heap after GC invocations=41 (full 3):
 PSYoungGen      total 23552K, used 1589K [0x00000000d5580000, 0x00000000d6f00000, 0x0000000100000000)
  eden space 21504K, 0% used [0x00000000d5580000,0x00000000d5580000,0x00000000d6a80000)
  from space 2048K, 77% used [0x00000000d6d00000,0x00000000d6e8d4b8,0x00000000d6f00000)
  to   space 2048K, 0% used [0x00000000d6b00000,0x00000000d6b00000,0x00000000d6d00000)
 ParOldGen       total 68608K, used 46392K [0x0000000080000000, 0x0000000084300000, 0x00000000d5580000)
  object space 68608K, 67% used [0x0000000080000000,0x0000000082d4e118,0x0000000084300000)
 Metaspace       used 60622K, committed 61952K, reserved 1114112K
  class space    used 6413K, committed 7040K, reserved 1048576K
}
Event: 10.202 GC heap before
{Heap before GC invocations=42 (full 3):
 PSYoungGen      total 23552K, used 23093K [0x00000000d5580000, 0x00000000d6f00000, 0x0000000100000000)
  eden space 21504K, 100% used [0x00000000d5580000,0x00000000d6a80000,0x00000000d6a80000)
  from space 2048K, 77% used [0x00000000d6d00000,0x00000000d6e8d4b8,0x00000000d6f00000)
  to   space 2048K, 0% used [0x00000000d6b00000,0x00000000d6b00000,0x00000000d6d00000)
 ParOldGen       total 68608K, used 46392K [0x0000000080000000, 0x0000000084300000, 0x00000000d5580000)
  object space 68608K, 67% used [0x0000000080000000,0x0000000082d4e118,0x0000000084300000)
 Metaspace       used 60919K, committed 62272K, reserved 1114112K
  class space    used 6418K, committed 7040K, reserved 1048576K
}
Event: 10.204 GC heap after
{Heap after GC invocations=42 (full 3):
 PSYoungGen      total 23552K, used 1549K [0x00000000d5580000, 0x00000000d6e80000, 0x0000000100000000)
  eden space 21504K, 0% used [0x00000000d5580000,0x00000000d5580000,0x00000000d6a80000)
  from space 2048K, 75% used [0x00000000d6b00000,0x00000000d6c83508,0x00000000d6d00000)
  to   space 1536K, 0% used [0x00000000d6d00000,0x00000000d6d00000,0x00000000d6e80000)
 ParOldGen       total 68608K, used 47786K [0x0000000080000000, 0x0000000084300000, 0x00000000d5580000)
  object space 68608K, 69% used [0x0000000080000000,0x0000000082eaa970,0x0000000084300000)
 Metaspace       used 60919K, committed 62272K, reserved 1114112K
  class space    used 6418K, committed 7040K, reserved 1048576K
}
Event: 10.338 GC heap before
{Heap before GC invocations=43 (full 3):
 PSYoungGen      total 23552K, used 23053K [0x00000000d5580000, 0x00000000d6e80000, 0x0000000100000000)
  eden space 21504K, 100% used [0x00000000d5580000,0x00000000d6a80000,0x00000000d6a80000)
  from space 2048K, 75% used [0x00000000d6b00000,0x00000000d6c83508,0x00000000d6d00000)
  to   space 1536K, 0% used [0x00000000d6d00000,0x00000000d6d00000,0x00000000d6e80000)
 ParOldGen       total 68608K, used 47786K [0x0000000080000000, 0x0000000084300000, 0x00000000d5580000)
  object space 68608K, 69% used [0x0000000080000000,0x0000000082eaa970,0x0000000084300000)
 Metaspace       used 61193K, committed 62528K, reserved 1114112K
  class space    used 6434K, committed 7040K, reserved 1048576K
}
Event: 10.339 GC heap after
{Heap after GC invocations=43 (full 3):
 PSYoungGen      total 23040K, used 1533K [0x00000000d5580000, 0x00000000d6e80000, 0x0000000100000000)
  eden space 21504K, 0% used [0x00000000d5580000,0x00000000d5580000,0x00000000d6a80000)
  from space 1536K, 99% used [0x00000000d6d00000,0x00000000d6e7f438,0x00000000d6e80000)
  to   space 2048K, 0% used [0x00000000d6a80000,0x00000000d6a80000,0x00000000d6c80000)
 ParOldGen       total 68608K, used 48816K [0x0000000080000000, 0x0000000084300000, 0x00000000d5580000)
  object space 68608K, 71% used [0x0000000080000000,0x0000000082fac088,0x0000000084300000)
 Metaspace       used 61193K, committed 62528K, reserved 1114112K
  class space    used 6434K, committed 7040K, reserved 1048576K
}
Event: 10.503 GC heap before
{Heap before GC invocations=44 (full 3):
 PSYoungGen      total 23040K, used 23037K [0x00000000d5580000, 0x00000000d6e80000, 0x0000000100000000)
  eden space 21504K, 100% used [0x00000000d5580000,0x00000000d6a80000,0x00000000d6a80000)
  from space 1536K, 99% used [0x00000000d6d00000,0x00000000d6e7f438,0x00000000d6e80000)
  to   space 2048K, 0% used [0x00000000d6a80000,0x00000000d6a80000,0x00000000d6c80000)
 ParOldGen       total 68608K, used 48816K [0x0000000080000000, 0x0000000084300000, 0x00000000d5580000)
  object space 68608K, 71% used [0x0000000080000000,0x0000000082fac088,0x0000000084300000)
 Metaspace       used 61712K, committed 63104K, reserved 1114112K
  class space    used 6469K, committed 7104K, reserved 1048576K
}
Event: 10.505 GC heap after
{Heap after GC invocations=44 (full 3):
 PSYoungGen      total 23552K, used 2046K [0x00000000d5580000, 0x00000000d6f80000, 0x0000000100000000)
  eden space 21504K, 0% used [0x00000000d5580000,0x00000000d5580000,0x00000000d6a80000)
  from space 2048K, 99% used [0x00000000d6a80000,0x00000000d6c7f850,0x00000000d6c80000)
  to   space 2560K, 0% used [0x00000000d6d00000,0x00000000d6d00000,0x00000000d6f80000)
 ParOldGen       total 68608K, used 50185K [0x0000000080000000, 0x0000000084300000, 0x00000000d5580000)
  object space 68608K, 73% used [0x0000000080000000,0x0000000083102618,0x0000000084300000)
 Metaspace       used 61712K, committed 63104K, reserved 1114112K
  class space    used 6469K, committed 7104K, reserved 1048576K
}
Event: 11.033 GC heap before
{Heap before GC invocations=45 (full 3):
 PSYoungGen      total 23552K, used 23550K [0x00000000d5580000, 0x00000000d6f80000, 0x0000000100000000)
  eden space 21504K, 100% used [0x00000000d5580000,0x00000000d6a80000,0x00000000d6a80000)
  from space 2048K, 99% used [0x00000000d6a80000,0x00000000d6c7f850,0x00000000d6c80000)
  to   space 2560K, 0% used [0x00000000d6d00000,0x00000000d6d00000,0x00000000d6f80000)
 ParOldGen       total 68608K, used 50185K [0x0000000080000000, 0x0000000084300000, 0x00000000d5580000)
  object space 68608K, 73% used [0x0000000080000000,0x0000000083102618,0x0000000084300000)
 Metaspace       used 61992K, committed 63424K, reserved 1114112K
  class space    used 6483K, committed 7104K, reserved 1048576K
}
Event: 11.034 GC heap after
{Heap after GC invocations=45 (full 3):
 PSYoungGen      total 23040K, used 1336K [0x00000000d5580000, 0x00000000d6e80000, 0x0000000100000000)
  eden space 21504K, 0% used [0x00000000d5580000,0x00000000d5580000,0x00000000d6a80000)
  from space 1536K, 87% used [0x00000000d6d00000,0x00000000d6e4e168,0x00000000d6e80000)
  to   space 2048K, 0% used [0x00000000d6a80000,0x00000000d6a80000,0x00000000d6c80000)
 ParOldGen       total 68608K, used 52114K [0x0000000080000000, 0x0000000084300000, 0x00000000d5580000)
  object space 68608K, 75% used [0x0000000080000000,0x00000000832e4930,0x0000000084300000)
 Metaspace       used 61992K, committed 63424K, reserved 1114112K
  class space    used 6483K, committed 7104K, reserved 1048576K
}
Event: 11.157 GC heap before
{Heap before GC invocations=46 (full 3):
 PSYoungGen      total 23040K, used 22840K [0x00000000d5580000, 0x00000000d6e80000, 0x0000000100000000)
  eden space 21504K, 100% used [0x00000000d5580000,0x00000000d6a80000,0x00000000d6a80000)
  from space 1536K, 87% used [0x00000000d6d00000,0x00000000d6e4e168,0x00000000d6e80000)
  to   space 2048K, 0% used [0x00000000d6a80000,0x00000000d6a80000,0x00000000d6c80000)
 ParOldGen       total 68608K, used 52114K [0x0000000080000000, 0x0000000084300000, 0x00000000d5580000)
  object space 68608K, 75% used [0x0000000080000000,0x00000000832e4930,0x0000000084300000)
 Metaspace       used 62160K, committed 63552K, reserved 1114112K
  class space    used 6485K, committed 7104K, reserved 1048576K
}
Event: 11.158 GC heap after
{Heap after GC invocations=46 (full 3):
 PSYoungGen      total 23040K, used 1315K [0x00000000d5580000, 0x00000000d6d80000, 0x0000000100000000)
  eden space 21504K, 0% used [0x00000000d5580000,0x00000000d5580000,0x00000000d6a80000)
  from space 1536K, 85% used [0x00000000d6a80000,0x00000000d6bc8d90,0x00000000d6c00000)
  to   space 1536K, 0% used [0x00000000d6c00000,0x00000000d6c00000,0x00000000d6d80000)
 ParOldGen       total 68608K, used 53260K [0x0000000080000000, 0x0000000084300000, 0x00000000d5580000)
  object space 68608K, 77% used [0x0000000080000000,0x00000000834031e8,0x0000000084300000)
 Metaspace       used 62160K, committed 63552K, reserved 1114112K
  class space    used 6485K, committed 7104K, reserved 1048576K
}
Event: 11.259 GC heap before
{Heap before GC invocations=47 (full 3):
 PSYoungGen      total 23040K, used 22819K [0x00000000d5580000, 0x00000000d6d80000, 0x0000000100000000)
  eden space 21504K, 100% used [0x00000000d5580000,0x00000000d6a80000,0x00000000d6a80000)
  from space 1536K, 85% used [0x00000000d6a80000,0x00000000d6bc8d90,0x00000000d6c00000)
  to   space 1536K, 0% used [0x00000000d6c00000,0x00000000d6c00000,0x00000000d6d80000)
 ParOldGen       total 68608K, used 53260K [0x0000000080000000, 0x0000000084300000, 0x00000000d5580000)
  object space 68608K, 77% used [0x0000000080000000,0x00000000834031e8,0x0000000084300000)
 Metaspace       used 62365K, committed 63680K, reserved 1114112K
  class space    used 6486K, committed 7104K, reserved 1048576K
}
Event: 11.260 GC heap after
{Heap after GC invocations=47 (full 3):
 PSYoungGen      total 23040K, used 1419K [0x00000000d5580000, 0x00000000d6d80000, 0x0000000100000000)
  eden space 21504K, 0% used [0x00000000d5580000,0x00000000d5580000,0x00000000d6a80000)
  from space 1536K, 92% used [0x00000000d6c00000,0x00000000d6d62d98,0x00000000d6d80000)
  to   space 1536K, 0% used [0x00000000d6a80000,0x00000000d6a80000,0x00000000d6c00000)
 ParOldGen       total 68608K, used 54335K [0x0000000080000000, 0x0000000084300000, 0x00000000d5580000)
  object space 68608K, 79% used [0x0000000080000000,0x000000008350fcc0,0x0000000084300000)
 Metaspace       used 62365K, committed 63680K, reserved 1114112K
  class space    used 6486K, committed 7104K, reserved 1048576K
}
Event: 11.353 GC heap before
{Heap before GC invocations=48 (full 3):
 PSYoungGen      total 23040K, used 22923K [0x00000000d5580000, 0x00000000d6d80000, 0x0000000100000000)
  eden space 21504K, 100% used [0x00000000d5580000,0x00000000d6a80000,0x00000000d6a80000)
  from space 1536K, 92% used [0x00000000d6c00000,0x00000000d6d62d98,0x00000000d6d80000)
  to   space 1536K, 0% used [0x00000000d6a80000,0x00000000d6a80000,0x00000000d6c00000)
 ParOldGen       total 68608K, used 54335K [0x0000000080000000, 0x0000000084300000, 0x00000000d5580000)
  object space 68608K, 79% used [0x0000000080000000,0x000000008350fcc0,0x0000000084300000)
 Metaspace       used 62495K, committed 63808K, reserved 1114112K
  class space    used 6486K, committed 7104K, reserved 1048576K
}
Event: 11.354 GC heap after
{Heap after GC invocations=48 (full 3):
 PSYoungGen      total 22016K, used 448K [0x00000000d5580000, 0x00000000d6c80000, 0x0000000100000000)
  eden space 21504K, 0% used [0x00000000d5580000,0x00000000d5580000,0x00000000d6a80000)
  from space 512K, 87% used [0x00000000d6a80000,0x00000000d6af0000,0x00000000d6b00000)
  to   space 1024K, 0% used [0x00000000d6b80000,0x00000000d6b80000,0x00000000d6c80000)
 ParOldGen       total 68608K, used 55523K [0x0000000080000000, 0x0000000084300000, 0x00000000d5580000)
  object space 68608K, 80% used [0x0000000080000000,0x0000000083638dd0,0x0000000084300000)
 Metaspace       used 62495K, committed 63808K, reserved 1114112K
  class space    used 6486K, committed 7104K, reserved 1048576K
}
Event: 11.449 GC heap before
{Heap before GC invocations=49 (full 3):
 PSYoungGen      total 22016K, used 21952K [0x00000000d5580000, 0x00000000d6c80000, 0x0000000100000000)
  eden space 21504K, 100% used [0x00000000d5580000,0x00000000d6a80000,0x00000000d6a80000)
  from space 512K, 87% used [0x00000000d6a80000,0x00000000d6af0000,0x00000000d6b00000)
  to   space 1024K, 0% used [0x00000000d6b80000,0x00000000d6b80000,0x00000000d6c80000)
 ParOldGen       total 68608K, used 55523K [0x0000000080000000, 0x0000000084300000, 0x00000000d5580000)
  object space 68608K, 80% used [0x0000000080000000,0x0000000083638dd0,0x0000000084300000)
 Metaspace       used 62563K, committed 63872K, reserved 1114112K
  class space    used 6488K, committed 7104K, reserved 1048576K
}
Event: 11.450 GC heap after
{Heap after GC invocations=49 (full 3):
 PSYoungGen      total 22528K, used 752K [0x00000000d5580000, 0x00000000d6c80000, 0x0000000100000000)
  eden space 21504K, 0% used [0x00000000d5580000,0x00000000d5580000,0x00000000d6a80000)
  from space 1024K, 73% used [0x00000000d6b80000,0x00000000d6c3c010,0x00000000d6c80000)
  to   space 1024K, 0% used [0x00000000d6a80000,0x00000000d6a80000,0x00000000d6b80000)
 ParOldGen       total 68608K, used 55801K [0x0000000080000000, 0x0000000084300000, 0x00000000d5580000)
  object space 68608K, 81% used [0x0000000080000000,0x000000008367e4f0,0x0000000084300000)
 Metaspace       used 62563K, committed 63872K, reserved 1114112K
  class space    used 6488K, committed 7104K, reserved 1048576K
}

